<?xml version="1.0" encoding="UTF-8"?>
<!-- Generated by org.testng.reporters.JUnitReportReporter -->
<testsuite skipped="0" hostname="DESKTOP-R4ROKKV" name="test.AddCustomerTest" tests="1" failures="0" timestamp="04 Jun 2021 03:42:30 GMT" time="23.591" errors="0">
  <testcase name="validUserShouldBeAbleToCreateCustomer" time="23.591" classname="test.AddCustomerTest"/>
</testsuite> <!-- test.AddCustomerTest -->
