<?xml version="1.0" encoding="UTF-8"?>
<!-- Generated by org.testng.reporters.JUnitReportReporter -->
<testsuite skipped="0" hostname="DESKTOP-R4ROKKV" name="test.AddCustomerTest" tests="1" failures="0" timestamp="29 May 2021 18:50:40 GMT" time="21.031" errors="0">
  <testcase name="validUserShouldBeAbleToCreateCustomer" time="21.031" classname="test.AddCustomerTest"/>
</testsuite> <!-- test.AddCustomerTest -->
