<?xml version="1.0" encoding="UTF-8"?>
<!-- Generated by org.testng.reporters.JUnitReportReporter -->
<testsuite skipped="0" hostname="DESKTOP-R4ROKKV" name="test.LoginTest" tests="1" failures="0" timestamp="29 May 2021 18:50:40 GMT" time="9.434" errors="0">
  <testcase name="validUserShouldBeAbleToLogin" time="9.434" classname="test.LoginTest"/>
</testsuite> <!-- test.LoginTest -->
